[2026-02-04T08:49:25.987+0000] {taskinstance.py:1956} INFO - Dependencies all met for dep_context=non-requeueable deps ti=<TaskInstance: postgres_to_postgres_users.run_pipeline manual__2026-02-04T08:49:23.164880+00:00 [queued]>
[2026-02-04T08:49:26.002+0000] {taskinstance.py:1956} INFO - Dependencies all met for dep_context=requeueable deps ti=<TaskInstance: postgres_to_postgres_users.run_pipeline manual__2026-02-04T08:49:23.164880+00:00 [queued]>
[2026-02-04T08:49:26.004+0000] {taskinstance.py:2170} INFO - Starting attempt 1 of 2
[2026-02-04T08:49:26.031+0000] {taskinstance.py:2191} INFO - Executing <Task(PythonOperator): run_pipeline> on 2026-02-04 08:49:23.164880+00:00
[2026-02-04T08:49:26.054+0000] {standard_task_runner.py:60} INFO - Started process 182 to run task
[2026-02-04T08:49:26.076+0000] {standard_task_runner.py:87} INFO - Running: ['***', 'tasks', 'run', 'postgres_to_postgres_users', 'run_pipeline', 'manual__2026-02-04T08:49:23.164880+00:00', '--job-id', '29', '--raw', '--subdir', 'DAGS_FOLDER/auto_generated/pipeline_dag_loader.py', '--cfg-path', '/tmp/tmptrl7am0s']
[2026-02-04T08:49:26.090+0000] {standard_task_runner.py:88} INFO - Job 29: Subtask run_pipeline
[2026-02-04T08:49:26.425+0000] {task_command.py:423} INFO - Running <TaskInstance: postgres_to_postgres_users.run_pipeline manual__2026-02-04T08:49:23.164880+00:00 [running]> on host 0a53b187681b
[2026-02-04T08:49:26.677+0000] {taskinstance.py:2480} INFO - Exporting env vars: AIRFLOW_CTX_DAG_OWNER='***' AIRFLOW_CTX_DAG_ID='postgres_to_postgres_users' AIRFLOW_CTX_TASK_ID='run_pipeline' AIRFLOW_CTX_EXECUTION_DATE='2026-02-04T08:49:23.164880+00:00' AIRFLOW_CTX_TRY_NUMBER='1' AIRFLOW_CTX_DAG_RUN_ID='manual__2026-02-04T08:49:23.164880+00:00'
[2026-02-04T08:49:26.683+0000] {taskinstance.py:2698} ERROR - Task failed with exception
Traceback (most recent call last):
  File "/home/airflow/.local/lib/python3.10/site-packages/airflow/models/taskinstance.py", line 433, in _execute_task
    result = execute_callable(context=context, **execute_callable_kwargs)
  File "/home/airflow/.local/lib/python3.10/site-packages/airflow/operators/python.py", line 199, in execute
    return_value = self.execute_callable()
  File "/home/airflow/.local/lib/python3.10/site-packages/airflow/operators/python.py", line 216, in execute_callable
    return self.python_callable(*self.op_args, **self.op_kwargs)
  File "/opt/airflow/src/core/dag/dag_factory.py", line 45, in run_pipeline
    pipeline_obj.run()
  File "/opt/airflow/src/core/base/base_pipeline.py", line 21, in run
    self.source.connect()
  File "/opt/airflow/src/core/sources/postgres_source.py", line 14, in connect
    self.engine = self.connector.get_engine()
  File "/opt/airflow/src/core/connectors/postgres_connector.py", line 30, in get_engine
    f"{self.connection_config['user']}:"
TypeError: string indices must be integers
[2026-02-04T08:49:26.734+0000] {taskinstance.py:1138} INFO - Marking task as UP_FOR_RETRY. dag_id=postgres_to_postgres_users, task_id=run_pipeline, execution_date=20260204T084923, start_date=20260204T084925, end_date=20260204T084926
[2026-02-04T08:49:26.756+0000] {standard_task_runner.py:107} ERROR - Failed to execute job 29 for task run_pipeline (string indices must be integers; 182)
[2026-02-04T08:49:26.784+0000] {local_task_job_runner.py:234} INFO - Task exited with return code 1
[2026-02-04T08:49:26.817+0000] {taskinstance.py:3280} INFO - 0 downstream tasks scheduled from follow-on schedule check
