[2026-02-04T09:34:53.359+0000] {taskinstance.py:1956} INFO - Dependencies all met for dep_context=non-requeueable deps ti=<TaskInstance: postgres_to_postgres_users.run_pipeline manual__2026-02-04T09:34:49.466492+00:00 [queued]>
[2026-02-04T09:34:53.371+0000] {taskinstance.py:1956} INFO - Dependencies all met for dep_context=requeueable deps ti=<TaskInstance: postgres_to_postgres_users.run_pipeline manual__2026-02-04T09:34:49.466492+00:00 [queued]>
[2026-02-04T09:34:53.371+0000] {taskinstance.py:2170} INFO - Starting attempt 1 of 2
[2026-02-04T09:34:53.390+0000] {taskinstance.py:2191} INFO - Executing <Task(PythonOperator): run_pipeline> on 2026-02-04 09:34:49.466492+00:00
[2026-02-04T09:34:53.415+0000] {standard_task_runner.py:60} INFO - Started process 377 to run task
[2026-02-04T09:34:53.420+0000] {standard_task_runner.py:87} INFO - Running: ['***', 'tasks', 'run', 'postgres_to_postgres_users', 'run_pipeline', 'manual__2026-02-04T09:34:49.466492+00:00', '--job-id', '40', '--raw', '--subdir', 'DAGS_FOLDER/auto_generated/pipeline_dag_loader.py', '--cfg-path', '/tmp/tmpiofpkvf8']
[2026-02-04T09:34:53.423+0000] {standard_task_runner.py:88} INFO - Job 40: Subtask run_pipeline
[2026-02-04T09:34:53.656+0000] {task_command.py:423} INFO - Running <TaskInstance: postgres_to_postgres_users.run_pipeline manual__2026-02-04T09:34:49.466492+00:00 [running]> on host 52dd036bc749
[2026-02-04T09:34:53.778+0000] {taskinstance.py:2480} INFO - Exporting env vars: AIRFLOW_CTX_DAG_OWNER='***' AIRFLOW_CTX_DAG_ID='postgres_to_postgres_users' AIRFLOW_CTX_TASK_ID='run_pipeline' AIRFLOW_CTX_EXECUTION_DATE='2026-02-04T09:34:49.466492+00:00' AIRFLOW_CTX_TRY_NUMBER='1' AIRFLOW_CTX_DAG_RUN_ID='manual__2026-02-04T09:34:49.466492+00:00'
[2026-02-04T09:34:53.861+0000] {taskinstance.py:2698} ERROR - Task failed with exception
Traceback (most recent call last):
  File "/home/airflow/.local/lib/python3.10/site-packages/airflow/models/taskinstance.py", line 433, in _execute_task
    result = execute_callable(context=context, **execute_callable_kwargs)
  File "/home/airflow/.local/lib/python3.10/site-packages/airflow/operators/python.py", line 199, in execute
    return_value = self.execute_callable()
  File "/home/airflow/.local/lib/python3.10/site-packages/airflow/operators/python.py", line 216, in execute_callable
    return self.python_callable(*self.op_args, **self.op_kwargs)
  File "/opt/airflow/src/core/dag/dag_factory.py", line 45, in run_pipeline
    pipeline_obj.run()
  File "/opt/airflow/src/core/base/base_pipeline.py", line 28, in run
    self.target.write(records)
  File "/opt/airflow/src/core/targets/postgres_target.py", line 23, in write
    data.to_sql(
  File "/home/airflow/.local/lib/python3.10/site-packages/pandas/util/_decorators.py", line 333, in wrapper
    return func(*args, **kwargs)
  File "/home/airflow/.local/lib/python3.10/site-packages/pandas/core/generic.py", line 3008, in to_sql
    return sql.to_sql(
  File "/home/airflow/.local/lib/python3.10/site-packages/pandas/io/sql.py", line 778, in to_sql
    raise ValueError(f"'{if_exists}' is not valid for if_exists")
ValueError: 'overwrite' is not valid for if_exists
[2026-02-04T09:34:53.911+0000] {taskinstance.py:1138} INFO - Marking task as UP_FOR_RETRY. dag_id=postgres_to_postgres_users, task_id=run_pipeline, execution_date=20260204T093449, start_date=20260204T093453, end_date=20260204T093453
[2026-02-04T09:34:53.928+0000] {standard_task_runner.py:107} ERROR - Failed to execute job 40 for task run_pipeline ('overwrite' is not valid for if_exists; 377)
[2026-02-04T09:34:53.965+0000] {local_task_job_runner.py:234} INFO - Task exited with return code 1
[2026-02-04T09:34:53.987+0000] {taskinstance.py:3280} INFO - 0 downstream tasks scheduled from follow-on schedule check
